nohup: ignoring input

> ai-chatbot-starter@0.1.0 dev
> PORT=80 next dev

[32mready[39m - started server on 0.0.0.0:80, url: http://localhost:80
[35mevent[39m - compiled client and server successfully in 1719 ms (173 modules)
[36mwait[39m  - compiling...
[35mevent[39m - compiled successfully in 117 ms (139 modules)
[36mwait[39m  - compiling / (client and server)...
[35mevent[39m - compiled client and server successfully in 2.5s (4212 modules)
[36mwait[39m  - compiling /_error (client and server)...
[35mevent[39m - compiled client and server successfully in 545 ms (4213 modules)
[33mwarn[39m  - Fast Refresh had to perform a full reload. Read more: https://nextjs.org/docs/messages/fast-refresh-reload
[36mwait[39m  - compiling /api/chat (client and server)...
[35mevent[39m - compiled successfully in 82 ms (45 modules)
[31merror[39m - uncaughtException: Error: aborted
    at connResetException (node:internal/errors:691:14)
    at abortIncoming (node:_http_server:595:17)
    at socketOnClose (node:_http_server:589:3)
    at Socket.emit (node:events:406:35)
    at TCP.<anonymous> (node:net:672:12) {
  code: 'ECONNRESET'
}
[31merror[39m - uncaughtException: Error: aborted
    at connResetException (node:internal/errors:691:14)
    at abortIncoming (node:_http_server:595:17)
    at socketOnClose (node:_http_server:589:3)
    at Socket.emit (node:events:406:35)
    at TCP.<anonymous> (node:net:672:12) {
  code: 'ECONNRESET'
}
[31merror[39m - uncaughtException: Error: aborted
    at connResetException (node:internal/errors:691:14)
    at abortIncoming (node:_http_server:595:17)
    at socketOnClose (node:_http_server:589:3)
    at Socket.emit (node:events:406:35)
    at TCP.<anonymous> (node:net:672:12) {
  code: 'ECONNRESET'
}
[31merror[39m - uncaughtException: Error: aborted
    at connResetException (node:internal/errors:691:14)
    at abortIncoming (node:_http_server:595:17)
    at socketOnClose (node:_http_server:589:3)
    at Socket.emit (node:events:406:35)
    at TCP.<anonymous> (node:net:672:12) {
  code: 'ECONNRESET'
}
[31merror[39m - uncaughtException: Error: aborted
    at connResetException (node:internal/errors:691:14)
    at abortIncoming (node:_http_server:595:17)
    at socketOnClose (node:_http_server:589:3)
    at Socket.emit (node:events:406:35)
    at TCP.<anonymous> (node:net:672:12) {
  code: 'ECONNRESET'
}
[31merror[39m - uncaughtException: Error: aborted
    at connResetException (node:internal/errors:691:14)
    at abortIncoming (node:_http_server:595:17)
    at socketOnClose (node:_http_server:589:3)
    at Socket.emit (node:events:406:35)
    at TCP.<anonymous> (node:net:672:12) {
  code: 'ECONNRESET'
}
